<?xml version="1.0" encoding="UTF-8"?>
<testng-results ignored="0" total="4" passed="4" failed="0" skipped="0">
  <reporter-output>
  </reporter-output>
  <suite started-at="2022-09-18T22:08:06 PDT" name="Swagger Pet Rest API Test Suite" finished-at="2022-09-18T22:08:13 PDT" duration-ms="7051">
    <groups>
    </groups>
    <test started-at="2022-09-18T22:08:06 PDT" name="Rest API regression Test" finished-at="2022-09-18T22:08:13 PDT" duration-ms="7051">
      <class name="com.qa.api.swagger.tests.SwaggerPet_API">
        <test-method signature="createNewPetAPI_Test()[pri:1, instance:com.qa.api.swagger.tests.SwaggerPet_API@7e057f43]" started-at="2022-09-18T22:08:06 PDT" name="createNewPetAPI_Test" finished-at="2022-09-18T22:08:11 PDT" duration-ms="5144" status="PASS">
          <reporter-output>
          </reporter-output>
        </test-method> <!-- createNewPetAPI_Test -->
        <test-method signature="getPetAPI_Test()[pri:2, instance:com.qa.api.swagger.tests.SwaggerPet_API@7e057f43]" started-at="2022-09-18T22:08:12 PDT" name="getPetAPI_Test" finished-at="2022-09-18T22:08:12 PDT" duration-ms="629" status="PASS">
          <reporter-output>
          </reporter-output>
        </test-method> <!-- getPetAPI_Test -->
        <test-method signature="updatePetAPI_Test()[pri:3, instance:com.qa.api.swagger.tests.SwaggerPet_API@7e057f43]" started-at="2022-09-18T22:08:12 PDT" name="updatePetAPI_Test" finished-at="2022-09-18T22:08:13 PDT" duration-ms="594" status="PASS">
          <reporter-output>
          </reporter-output>
        </test-method> <!-- updatePetAPI_Test -->
        <test-method signature="deletePetAPI_Test()[pri:4, instance:com.qa.api.swagger.tests.SwaggerPet_API@7e057f43]" started-at="2022-09-18T22:08:13 PDT" name="deletePetAPI_Test" finished-at="2022-09-18T22:08:13 PDT" duration-ms="550" status="PASS">
          <reporter-output>
          </reporter-output>
        </test-method> <!-- deletePetAPI_Test -->
      </class> <!-- com.qa.api.swagger.tests.SwaggerPet_API -->
    </test> <!-- Rest API regression Test -->
  </suite> <!-- Swagger Pet Rest API Test Suite -->
</testng-results>
