<?xml version="1.0" encoding="UTF-8"?>
<testsuite xmlns:xsi="http://www.w3.org/2001/XMLSchema-instance" xsi:noNamespaceSchemaLocation="https://maven.apache.org/surefire/maven-surefire-plugin/xsd/surefire-test-report-3.0.xsd" version="3.0" name="TestSuite" time="8.61" tests="4" errors="0" skipped="0" failures="0">
  <properties>
[...]
</properties>
  <testcase name="createNewPetAPI_Test" classname="com.qa.api.swagger.tests.SwaggerPet_API" time="5.213">
    <system-out><![CDATA[Tesults disabled - target not provided.
Test Suite started!
I am in onStart method Rest API regression Test
createNewPetAPI_Test started!
I am in onTestStart method createNewPetAPI_Test start
JSON BODY PAYLOAD ---> {
  "id" : 12,
  "category" : {
    "id" : 1,
    "name" : "dogs"
  },
  "name" : "Olly",
  "photoUrls" : [ "http://lorempixel.com/1680/1050/nightlife/" ],
  "tags" : [ {
    "id" : 1,
    "name" : "Mix Breed"
  } ],
  "status" : "ADOPTED"
}
Request method:	POST
Request URI:	https://petstore.swagger.io/v2/pet
Proxy:			<none>
Request params:	<none>
Query params:	<none>
Form params:	<none>
Path params:	<none>
Headers:		Authorization=Bearer 
				Accept=*/*
				Content-Type=application/json
Cookies:		<none>
Multiparts:		<none>
Body:
{
    "id": 12,
    "category": {
        "id": 1,
        "name": "dogs"
    },
    "name": "Olly",
    "photoUrls": [
        "http://lorempixel.com/1680/1050/nightlife/"
    ],
    "tags": [
        {
            "id": 1,
            "name": "Mix Breed"
        }
    ],
    "status": "ADOPTED"
}
200
{
    "id": 12,
    "category": {
        "id": 1,
        "name": "dogs"
    },
    "name": "Olly",
    "photoUrls": [
        "http://lorempixel.com/1680/1050/nightlife/"
    ],
    "tags": [
        {
            "id": 1,
            "name": "Mix Breed"
        }
    ],
    "status": "ADOPTED"
}
{
    "id": 12,
    "category": {
        "id": 1,
        "name": "dogs"
    },
    "name": "Olly",
    "photoUrls": [
        "http://lorempixel.com/1680/1050/nightlife/"
    ],
    "tags": [
        {
            "id": 1,
            "name": "Mix Breed"
        }
    ],
    "status": "ADOPTED"
}
====================
I am in onTestSuccess method createNewPetAPI_Test succeed
createNewPetAPI_Test passed!
]]></system-out>
    <system-err><![CDATA[SLF4J: Failed to load class "org.slf4j.impl.StaticLoggerBinder".
SLF4J: Defaulting to no-operation (NOP) logger implementation
SLF4J: See http://www.slf4j.org/codes.html#StaticLoggerBinder for further details.
]]></system-err>
  </testcase>
  <testcase name="getPetAPI_Test" classname="com.qa.api.swagger.tests.SwaggerPet_API" time="0.633">
    <system-out><![CDATA[getPetAPI_Test started!
I am in onTestStart method getPetAPI_Test start
Request method:	GET
Request URI:	https://petstore.swagger.io/v2/pet/12
Proxy:			<none>
Request params:	<none>
Query params:	<none>
Form params:	<none>
Path params:	<none>
Headers:		Authorization=Bearer 
				Accept=*/*
				Content-Type=application/json
Cookies:		<none>
Multiparts:		<none>
Body:			<none>
200
{
    "id": 12,
    "category": {
        "id": 1,
        "name": "dogs"
    },
    "name": "Olly",
    "photoUrls": [
        "http://lorempixel.com/1680/1050/nightlife/"
    ],
    "tags": [
        {
            "id": 1,
            "name": "Mix Breed"
        }
    ],
    "status": "ADOPTED"
}
{
    "id": 12,
    "category": {
        "id": 1,
        "name": "dogs"
    },
    "name": "Olly",
    "photoUrls": [
        "http://lorempixel.com/1680/1050/nightlife/"
    ],
    "tags": [
        {
            "id": 1,
            "name": "Mix Breed"
        }
    ],
    "status": "ADOPTED"
}
I am in onTestSuccess method getPetAPI_Test succeed
getPetAPI_Test passed!
]]></system-out>
  </testcase>
  <testcase name="updatePetAPI_Test" classname="com.qa.api.swagger.tests.SwaggerPet_API" time="0.599">
    <system-out><![CDATA[updatePetAPI_Test started!
I am in onTestStart method updatePetAPI_Test start
JSON BODY PAYLOAD ---> {
  "id" : 12,
  "category" : {
    "id" : 1,
    "name" : "dogs"
  },
  "name" : "OLLY",
  "photoUrls" : [ "http://lorempixel.com/g/640/480/nature/" ],
  "tags" : [ {
    "id" : 1,
    "name" : "Mix German Shepard and American Pit-bull"
  } ],
  "status" : "SOLD"
}
Request method:	PUT
Request URI:	https://petstore.swagger.io/v2/pet
Proxy:			<none>
Request params:	<none>
Query params:	<none>
Form params:	<none>
Path params:	<none>
Headers:		Authorization=Bearer 
				Accept=*/*
				Content-Type=application/json
Cookies:		<none>
Multiparts:		<none>
Body:
{
    "id": 12,
    "category": {
        "id": 1,
        "name": "dogs"
    },
    "name": "OLLY",
    "photoUrls": [
        "http://lorempixel.com/g/640/480/nature/"
    ],
    "tags": [
        {
            "id": 1,
            "name": "Mix German Shepard and American Pit-bull"
        }
    ],
    "status": "SOLD"
}
200
{
    "id": 12,
    "category": {
        "id": 1,
        "name": "dogs"
    },
    "name": "OLLY",
    "photoUrls": [
        "http://lorempixel.com/g/640/480/nature/"
    ],
    "tags": [
        {
            "id": 1,
            "name": "Mix German Shepard and American Pit-bull"
        }
    ],
    "status": "SOLD"
}
{
    "id": 12,
    "category": {
        "id": 1,
        "name": "dogs"
    },
    "name": "OLLY",
    "photoUrls": [
        "http://lorempixel.com/g/640/480/nature/"
    ],
    "tags": [
        {
            "id": 1,
            "name": "Mix German Shepard and American Pit-bull"
        }
    ],
    "status": "SOLD"
}
====================
I am in onTestSuccess method updatePetAPI_Test succeed
updatePetAPI_Test passed!
]]></system-out>
  </testcase>
  <testcase name="deletePetAPI_Test" classname="com.qa.api.swagger.tests.SwaggerPet_API" time="0.556">
    <system-out><![CDATA[deletePetAPI_Test started!
I am in onTestStart method deletePetAPI_Test start
Request method:	DELETE
Request URI:	https://petstore.swagger.io/v2/pet/12
Proxy:			<none>
Request params:	<none>
Query params:	<none>
Form params:	<none>
Path params:	<none>
Headers:		Authorization=Bearer 
				Accept=*/*
				Content-Type=application/json
Cookies:		<none>
Multiparts:		<none>
Body:			<none>
200
{
    "code": 200,
    "type": "unknown",
    "message": "12"
}
{
    "code": 200,
    "type": "unknown",
    "message": "12"
}
I am in onTestSuccess method deletePetAPI_Test succeed
deletePetAPI_Test passed!
]]></system-out>
  </testcase>
</testsuite>