<?xml version="1.0" encoding="UTF-8"?>
<!-- Generated by org.testng.reporters.JUnitXMLReporter -->
<testsuite ignored="0" hostname="Macbook-Pro.attlocal.net" failures="0" tests="4" name="Rest API regression Test" time="7.051" errors="0" timestamp="2022-09-18T22:08:14 PDT">
  <testcase classname="com.qa.api.swagger.tests.SwaggerPet_API" name="createNewPetAPI_Test" time="5.144"/>
  <testcase classname="com.qa.api.swagger.tests.SwaggerPet_API" name="getPetAPI_Test" time="0.629"/>
  <testcase classname="com.qa.api.swagger.tests.SwaggerPet_API" name="updatePetAPI_Test" time="0.594"/>
  <testcase classname="com.qa.api.swagger.tests.SwaggerPet_API" name="deletePetAPI_Test" time="0.55"/>
</testsuite> <!-- Rest API regression Test -->
